BEGIN;
BEGIN
EXPLAIN (ANALYZE, BUFFERS)
select
	s_name,
	count(*) as numwait
from
	supplier,
	lineitem l1,
	orders,
	nation
where
	s_suppkey = l1.l_suppkey
	and o_orderkey = l1.l_orderkey
	and o_orderstatus = 'F'
	and l1.l_receiptdate > l1.l_commitdate
	and exists (
		select
			*
		from
			lineitem l2
		where
			l2.l_orderkey = l1.l_orderkey
			and l2.l_suppkey <> l1.l_suppkey
	)
	and not exists (
		select
			*
		from
			lineitem l3
		where
			l3.l_orderkey = l1.l_orderkey
			and l3.l_suppkey <> l1.l_suppkey
			and l3.l_receiptdate > l3.l_commitdate
	)
	and s_nationkey = n_nationkey
	and n_name = 'GERMANY'
group by
	s_name
order by
	numwait desc,
	s_name
LIMIT 100;
                                                                                                 QUERY PLAN                                                                                                 
------------------------------------------------------------------------------------------------------------------------------------------------------------------------------------------------------------
 Limit  (cost=1972445.62..1972445.63 rows=1 width=26) (actual time=48228.818..48228.837 rows=100 loops=1)
   Buffers: shared hit=13989791 read=753178 dirtied=201 written=5266
   ->  Sort  (cost=1972445.62..1972445.63 rows=1 width=26) (actual time=48228.814..48228.820 rows=100 loops=1)
         Sort Key: (count(*)), supplier.s_name
         Sort Method: top-N heapsort  Memory: 32kB
         Buffers: shared hit=13989791 read=753178 dirtied=201 written=5266
         ->  HashAggregate  (cost=1972445.60..1972445.61 rows=1 width=26) (actual time=48225.309..48227.523 rows=4049 loops=1)
               Group Key: supplier.s_name
               Buffers: shared hit=13989783 read=753178 dirtied=201 written=5266
               ->  Nested Loop Anti Join  (cost=2443.74..1972445.60 rows=1 width=26) (actual time=16.884..48134.018 rows=40180 loops=1)
                     Buffers: shared hit=13989783 read=753178 dirtied=201 written=5266
                     ->  Nested Loop Semi Join  (cost=2443.17..1972444.29 rows=1 width=34) (actual time=16.243..44821.405 rows=715334 loops=1)
                           Join Filter: (orders.o_orderkey = l2.l_orderkey)
                           Buffers: shared hit=10406648 read=751265 dirtied=201 written=5249
                           ->  Nested Loop  (cost=2442.61..1446440.18 rows=393617 width=38) (actual time=16.160..39154.357 rows=742350 loops=1)
                                 Buffers: shared hit=6834927 read=605642 dirtied=201 written=3945
                                 ->  Hash Join  (cost=2442.17..1020732.76 rows=808586 width=34) (actual time=16.103..29774.528 rows=1535873 loops=1)
                                       Hash Cond: (l1.l_suppkey = supplier.s_suppkey)
                                       Buffers: shared hit=736936 read=551693 written=3582
                                       ->  Index Scan using lineitem_l_orderkey_idx_part1 on lineitem l1  (cost=0.56..934398.87 rows=20215046 width=8) (actual time=0.084..20061.113 rows=37965800 loops=1)
                                             Buffers: shared hit=735101 read=551680 written=3582
                                       ->  Hash  (cost=2391.61..2391.61 rows=4000 width=30) (actual time=15.941..15.941 rows=4049 loops=1)
                                             Buckets: 4096  Batches: 1  Memory Usage: 286kB
                                             Buffers: shared hit=1832 read=13
                                             ->  Nested Loop  (cost=79.29..2391.61 rows=4000 width=30) (actual time=1.292..14.780 rows=4049 loops=1)
                                                   Buffers: shared hit=1832 read=13
                                                   ->  Seq Scan on nation  (cost=0.00..1.31 rows=1 width=4) (actual time=0.010..0.020 rows=1 loops=1)
                                                         Filter: (n_name = 'GERMANY'::bpchar)
                                                         Rows Removed by Filter: 24
                                                         Buffers: shared hit=1
                                                   ->  Bitmap Heap Scan on supplier  (cost=79.29..2350.29 rows=4000 width=34) (actual time=1.273..13.943 rows=4049 loops=1)
                                                         Recheck Cond: (s_nationkey = nation.n_nationkey)
                                                         Heap Blocks: exact=1831
                                                         Buffers: shared hit=1831 read=13
                                                         ->  Bitmap Index Scan on supplier_s_nationkey_s_suppkey_idx  (cost=0.00..78.29 rows=4000 width=0) (actual time=0.979..0.979 rows=4049 loops=1)
                                                               Index Cond: (s_nationkey = nation.n_nationkey)
                                                               Buffers: shared read=13
                                 ->  Index Scan using orders_o_orderkey_o_orderdate_idx on orders  (cost=0.43..0.52 rows=1 width=4) (actual time=0.005..0.006 rows=0 loops=1535873)
                                       Index Cond: (o_orderkey = l1.l_orderkey)
                                       Filter: (o_orderstatus = 'F'::bpchar)
                                       Rows Removed by Filter: 1
                                       Buffers: shared hit=6097991 read=53949 dirtied=201 written=363
                           ->  Index Scan using pk_lineitem on lineitem l2  (cost=0.56..1.15 rows=15 width=8) (actual time=0.007..0.007 rows=1 loops=742350)
                                 Index Cond: (l_orderkey = l1.l_orderkey)
                                 Filter: (l_suppkey <> l1.l_suppkey)
                                 Rows Removed by Filter: 0
                                 Buffers: shared hit=3571721 read=145623 written=1304
                     ->  Index Scan using lineitem_l_orderkey_idx_part1 on lineitem l3  (cost=0.56..0.91 rows=5 width=8) (actual time=0.004..0.004 rows=1 loops=715334)
                           Index Cond: (l_orderkey = l1.l_orderkey)
                           Filter: (l_suppkey <> l1.l_suppkey)
                           Rows Removed by Filter: 0
                           Buffers: shared hit=3583135 read=1913 written=17
 Planning time: 10.855 ms
 Execution time: 48229.255 ms
(54 rows)

COMMIT;
COMMIT
