BEGIN;
BEGIN
EXPLAIN (ANALYZE, BUFFERS)
select
	c_custkey,
	c_name,
	sum(l_extendedprice * (1 - l_discount)) as revenue,
	c_acctbal,
	n_name,
	c_address,
	c_phone,
	c_comment
from
	customer,
	orders,
	lineitem,
	nation
where
	c_custkey = o_custkey
	and l_orderkey = o_orderkey
	and o_orderdate >= date '1993-02-01'
	and o_orderdate < cast(date '1993-02-01' + interval '3 month' as date)
	and l_returnflag = 'R'
	and c_nationkey = n_nationkey
group by
	c_custkey,
	c_name,
	c_acctbal,
	c_phone,
	n_name,
	c_address,
	c_comment
order by
	revenue desc
LIMIT 20;
                                                                                                QUERY PLAN                                                                                                 
-----------------------------------------------------------------------------------------------------------------------------------------------------------------------------------------------------------
 Limit  (cost=1152871.60..1152871.65 rows=20 width=176) (actual time=26551.964..26551.971 rows=20 loops=1)
   Buffers: shared hit=907898 read=512773 written=9453
   ->  Sort  (cost=1152871.60..1154248.75 rows=550860 width=176) (actual time=26551.960..26551.964 rows=20 loops=1)
         Sort Key: (sum((lineitem.l_extendedprice * (1::double precision - lineitem.l_discount))))
         Sort Method: top-N heapsort  Memory: 30kB
         Buffers: shared hit=907898 read=512773 written=9453
         ->  HashAggregate  (cost=1132704.81..1138213.41 rows=550860 width=176) (actual time=25976.797..26394.733 rows=372910 loops=1)
               Group Key: customer.c_custkey, customer.c_name, customer.c_acctbal, customer.c_phone, nation.n_name, customer.c_address, customer.c_comment
               Buffers: shared hit=907895 read=512773 written=9453
               ->  Hash Join  (cost=352096.91..1118933.31 rows=550860 width=176) (actual time=3923.715..23629.157 rows=1113988 loops=1)
                     Hash Cond: (customer.c_nationkey = nation.n_nationkey)
                     Buffers: shared hit=907895 read=512773 written=9453
                     ->  Hash Join  (cost=352095.35..1111357.42 rows=550860 width=154) (actual time=3923.678..23231.456 rows=1113988 loops=1)
                           Hash Cond: (orders.o_custkey = customer.c_custkey)
                           Buffers: shared hit=907894 read=512773 written=9453
                           ->  Hash Join  (cost=283067.35..1034066.52 rows=550860 width=12) (actual time=2429.713..20793.152 rows=1113988 loops=1)
                                 Hash Cond: (lineitem.l_orderkey = orders.o_orderkey)
                                 Buffers: shared hit=872616 read=512773 written=9453
                                 ->  Index Scan using lineitem_l_orderkey_idx_l_returnflag on lineitem  (cost=0.43..689583.09 rows=14908780 width=12) (actual time=0.066..13803.929 rows=14822845 loops=1)
                                       Buffers: shared hit=695446 read=460045 written=9445
                                 ->  Hash  (cost=276076.69..276076.69 rows=559218 width=8) (actual time=2423.040..2423.040 rows=555740 loops=1)
                                       Buckets: 1048576  Batches: 1  Memory Usage: 29901kB
                                       Buffers: shared hit=177170 read=52728 written=8
                                       ->  Bitmap Heap Scan on orders  (cost=12140.42..276076.69 rows=559218 width=8) (actual time=289.276..2224.013 rows=555740 loops=1)
                                             Recheck Cond: ((o_orderdate >= '1993-02-01'::date) AND (o_orderdate < '1993-05-01'::date))
                                             Heap Blocks: exact=228292
                                             Buffers: shared hit=177170 read=52728 written=8
                                             ->  Bitmap Index Scan on orders_o_orderdate_o_orderkey_idx  (cost=0.00..12000.61 rows=559218 width=0) (actual time=207.996..207.996 rows=560124 loops=1)
                                                   Index Cond: ((o_orderdate >= '1993-02-01'::date) AND (o_orderdate < '1993-05-01'::date))
                                                   Buffers: shared read=1606
                           ->  Hash  (cost=50278.00..50278.00 rows=1500000 width=146) (actual time=1481.977..1481.977 rows=1500000 loops=1)
                                 Buckets: 2097152  Batches: 1  Memory Usage: 281501kB
                                 Buffers: shared hit=35278
                                 ->  Seq Scan on customer  (cost=0.00..50278.00 rows=1500000 width=146) (actual time=0.017..647.401 rows=1500000 loops=1)
                                       Buffers: shared hit=35278
                     ->  Hash  (cost=1.25..1.25 rows=25 width=30) (actual time=0.022..0.022 rows=25 loops=1)
                           Buckets: 1024  Batches: 1  Memory Usage: 10kB
                           Buffers: shared hit=1
                           ->  Seq Scan on nation  (cost=0.00..1.25 rows=25 width=30) (actual time=0.006..0.010 rows=25 loops=1)
                                 Buffers: shared hit=1
 Planning time: 4.447 ms
 Execution time: 26579.348 ms
(42 rows)

COMMIT;
COMMIT
