BEGIN;
BEGIN
EXPLAIN (ANALYZE, BUFFERS)
select
	ps_partkey,
	sum(ps_supplycost * ps_availqty) as value
from
	partsupp,
	supplier,
	nation
where
	ps_suppkey = s_suppkey
	and s_nationkey = n_nationkey
	and n_name = 'UNITED STATES'
group by
	ps_partkey having
		sum(ps_supplycost * ps_availqty) > (
			select
				sum(ps_supplycost * ps_availqty) * 0.0000100000
			from
				partsupp,
				supplier,
				nation
			where
				ps_suppkey = s_suppkey
				and s_nationkey = n_nationkey
				and n_name = 'UNITED STATES'
		)
order by
	value desc;
                                                                                 QUERY PLAN                                                                                 
----------------------------------------------------------------------------------------------------------------------------------------------------------------------------
 Sort  (cost=130429.17..131229.17 rows=320000 width=12) (actual time=5741.348..5742.520 rows=9348 loops=1)
   Sort Key: (sum((partsupp.ps_supplycost * (partsupp.ps_availqty)::double precision)))
   Sort Method: quicksort  Memory: 823kB
   Buffers: shared hit=367275 read=302912 written=373
   InitPlan 1 (returns $2)
     ->  Aggregate  (cost=46984.41..46984.42 rows=1 width=8) (actual time=2513.219..2513.220 rows=1 loops=1)
           Buffers: shared hit=205410 read=129682 written=161
           ->  Nested Loop  (cost=79.73..44584.41 rows=320000 width=8) (actual time=1.222..2425.953 rows=320320 loops=1)
                 Buffers: shared hit=205410 read=129682 written=161
                 ->  Nested Loop  (cost=79.29..2391.61 rows=4000 width=4) (actual time=1.184..9.987 rows=4004 loops=1)
                       Buffers: shared hit=1859 read=13
                       ->  Seq Scan on nation nation_1  (cost=0.00..1.31 rows=1 width=4) (actual time=0.011..0.013 rows=1 loops=1)
                             Filter: (n_name = 'UNITED STATES'::bpchar)
                             Rows Removed by Filter: 24
                             Buffers: shared hit=1
                       ->  Bitmap Heap Scan on supplier supplier_1  (cost=79.29..2350.29 rows=4000 width=8) (actual time=1.166..8.659 rows=4004 loops=1)
                             Recheck Cond: (s_nationkey = nation_1.n_nationkey)
                             Heap Blocks: exact=1858
                             Buffers: shared hit=1858 read=13
                             ->  Bitmap Index Scan on supplier_s_nationkey_s_suppkey_idx  (cost=0.00..78.29 rows=4000 width=0) (actual time=0.870..0.870 rows=4004 loops=1)
                                   Index Cond: (s_nationkey = nation_1.n_nationkey)
                                   Buffers: shared read=13
                 ->  Index Scan using partsupp_ps_suppkey_idx on partsupp partsupp_1  (cost=0.43..9.75 rows=80 width=12) (actual time=0.027..0.576 rows=80 loops=4004)
                       Index Cond: (ps_suppkey = supplier_1.s_suppkey)
                       Buffers: shared hit=203551 read=129669 written=161
   ->  HashAggregate  (cost=50184.41..54184.41 rows=320000 width=12) (actual time=5578.257..5736.051 rows=9348 loops=1)
         Group Key: partsupp.ps_partkey
         Filter: (sum((partsupp.ps_supplycost * (partsupp.ps_availqty)::double precision)) > $2)
         Rows Removed by Filter: 292171
         Buffers: shared hit=367272 read=302912 written=373
         ->  Nested Loop  (cost=79.73..44584.41 rows=320000 width=12) (actual time=1.219..2800.913 rows=320320 loops=1)
               Buffers: shared hit=161862 read=173230 written=212
               ->  Nested Loop  (cost=79.29..2391.61 rows=4000 width=4) (actual time=1.168..14.503 rows=4004 loops=1)
                     Buffers: shared hit=1859 read=13
                     ->  Seq Scan on nation  (cost=0.00..1.31 rows=1 width=4) (actual time=0.011..0.012 rows=1 loops=1)
                           Filter: (n_name = 'UNITED STATES'::bpchar)
                           Rows Removed by Filter: 24
                           Buffers: shared hit=1
                     ->  Bitmap Heap Scan on supplier  (cost=79.29..2350.29 rows=4000 width=8) (actual time=1.148..13.368 rows=4004 loops=1)
                           Recheck Cond: (s_nationkey = nation.n_nationkey)
                           Heap Blocks: exact=1858
                           Buffers: shared hit=1858 read=13
                           ->  Bitmap Index Scan on supplier_s_nationkey_s_suppkey_idx  (cost=0.00..78.29 rows=4000 width=0) (actual time=0.858..0.858 rows=4004 loops=1)
                                 Index Cond: (s_nationkey = nation.n_nationkey)
                                 Buffers: shared read=13
               ->  Index Scan using partsupp_ps_suppkey_idx on partsupp  (cost=0.43..9.75 rows=80 width=16) (actual time=0.026..0.671 rows=80 loops=4004)
                     Index Cond: (ps_suppkey = supplier.s_suppkey)
                     Buffers: shared hit=160003 read=173217 written=212
 Planning time: 3.178 ms
 Execution time: 5751.564 ms
(50 rows)

COMMIT;
COMMIT
