BEGIN;
BEGIN
create or replace view revenue3 (supplier_no, total_revenue) as
	select
		l_suppkey,
		sum(l_extendedprice * (1 - l_discount))
	from
		lineitem
	where
		l_shipdate >= '1995-04-01'
		and l_shipdate < date'1995-04-01' + interval '90 days'
	group by
		l_suppkey;
CREATE VIEW
EXPLAIN
select
	s_suppkey,
	s_name,
	s_address,
	s_phone,
	total_revenue
from
	supplier,
	revenue3
where
	s_suppkey = supplier_no
	and total_revenue = (
		select
			max(total_revenue)
		from
			revenue3
	)
order by
	s_suppkey;
                                                                       QUERY PLAN                                                                       
--------------------------------------------------------------------------------------------------------------------------------------------------------
 Merge Join  (cost=2358566.74..2363664.27 rows=3755 width=79)
   Merge Cond: (supplier.s_suppkey = revenue3.supplier_no)
   InitPlan 1 (returns $0)
     ->  Aggregate  (cost=1170718.70..1170718.71 rows=1 width=8)
           ->  HashAggregate  (cost=1170634.21..1170671.76 rows=3755 width=12)
                 Group Key: lineitem_1.l_suppkey
                 ->  Bitmap Heap Scan on lineitem lineitem_1  (cost=47805.56..1148092.75 rows=2254146 width=12)
                       Recheck Cond: ((l_shipdate >= '1995-04-01'::date) AND (l_shipdate < '1995-06-30 00:00:00'::timestamp without time zone))
                       ->  Bitmap Index Scan on lineitem_l_shipdate_l_suppkey__idx  (cost=0.00..47242.03 rows=2254146 width=0)
                             Index Cond: ((l_shipdate >= '1995-04-01'::date) AND (l_shipdate < '1995-06-30 00:00:00'::timestamp without time zone))
   ->  Index Scan using pk_supplier on supplier  (cost=0.29..4791.49 rows=100000 width=71)
   ->  Sort  (cost=1187847.74..1187857.13 rows=3755 width=12)
         Sort Key: revenue3.supplier_no
         ->  Subquery Scan on revenue3  (cost=1187540.31..1187624.79 rows=3755 width=12)
               ->  HashAggregate  (cost=1187540.31..1187587.24 rows=3755 width=12)
                     Group Key: lineitem.l_suppkey
                     Filter: (sum((lineitem.l_extendedprice * (1::double precision - lineitem.l_discount))) = $0)
                     ->  Bitmap Heap Scan on lineitem  (cost=47805.56..1148092.75 rows=2254146 width=12)
                           Recheck Cond: ((l_shipdate >= '1995-04-01'::date) AND (l_shipdate < '1995-06-30 00:00:00'::timestamp without time zone))
                           ->  Bitmap Index Scan on lineitem_l_shipdate_l_suppkey__idx  (cost=0.00..47242.03 rows=2254146 width=0)
                                 Index Cond: ((l_shipdate >= '1995-04-01'::date) AND (l_shipdate < '1995-06-30 00:00:00'::timestamp without time zone))
 Planning time: 2.163 ms
(22 rows)

drop view revenue3;
DROP VIEW
COMMIT;
COMMIT
