BEGIN;
BEGIN
EXPLAIN (ANALYZE, BUFFERS)
select
	c_custkey,
	c_name,
	sum(l_extendedprice * (1 - l_discount)) as revenue,
	c_acctbal,
	n_name,
	c_address,
	c_phone,
	c_comment
from
	customer,
	orders,
	lineitem,
	nation
where
	c_custkey = o_custkey
	and l_orderkey = o_orderkey
	and o_orderdate >= date '1995-01-01'
	and o_orderdate < cast(date '1995-01-01' + interval '3 month' as date)
	and l_returnflag = 'R'
	and c_nationkey = n_nationkey
group by
	c_custkey,
	c_name,
	c_acctbal,
	c_phone,
	n_name,
	c_address,
	c_comment
order by
	revenue desc
LIMIT 20;
                                                                                                QUERY PLAN                                                                                                 
-----------------------------------------------------------------------------------------------------------------------------------------------------------------------------------------------------------
 Limit  (cost=1152148.78..1152148.83 rows=20 width=176) (actual time=26626.012..26626.020 rows=20 loops=1)
   Buffers: shared hit=870698 read=549923 written=300
   ->  Sort  (cost=1152148.78..1153530.74 rows=552786 width=176) (actual time=26626.009..26626.011 rows=20 loops=1)
         Sort Key: (sum((lineitem.l_extendedprice * (1::double precision - lineitem.l_discount))))
         Sort Method: top-N heapsort  Memory: 30kB
         Buffers: shared hit=870698 read=549923 written=300
         ->  HashAggregate  (cost=1131911.48..1137439.34 rows=552786 width=176) (actual time=26210.935..26486.894 rows=354858 loops=1)
               Group Key: customer.c_custkey, customer.c_name, customer.c_acctbal, customer.c_phone, nation.n_name, customer.c_address, customer.c_comment
               Buffers: shared hit=870695 read=549923 written=300
               ->  Hash Join  (cost=351917.60..1118091.83 rows=552786 width=176) (actual time=4940.512..23800.310 rows=941678 loops=1)
                     Hash Cond: (customer.c_nationkey = nation.n_nationkey)
                     Buffers: shared hit=870695 read=549923 written=300
                     ->  Hash Join  (cost=351916.04..1110489.46 rows=552786 width=154) (actual time=4940.475..23463.019 rows=941678 loops=1)
                           Hash Cond: (orders.o_custkey = customer.c_custkey)
                           Buffers: shared hit=870694 read=549923 written=300
                           ->  Hash Join  (cost=282888.04..1033169.67 rows=552786 width=12) (actual time=3129.507..20810.976 rows=941678 loops=1)
                                 Hash Cond: (lineitem.l_orderkey = orders.o_orderkey)
                                 Buffers: shared hit=870692 read=514647 written=253
                                 ->  Index Scan using lineitem_l_orderkey_idx_l_returnflag on lineitem  (cost=0.43..688901.31 rows=14894107 width=12) (actual time=0.061..12847.432 rows=14823054 loops=1)
                                       Buffers: shared hit=734728 read=420292 written=157
                                 ->  Hash  (cost=275872.98..275872.98 rows=561170 width=8) (actual time=3120.589..3120.589 rows=562068 loops=1)
                                       Buckets: 1048576  Batches: 1  Memory Usage: 30148kB
                                       Buffers: shared hit=135964 read=94355 written=96
                                       ->  Bitmap Heap Scan on orders  (cost=12160.43..275872.98 rows=561170 width=8) (actual time=495.317..2865.769 rows=562068 loops=1)
                                             Recheck Cond: ((o_orderdate >= '1995-01-01'::date) AND (o_orderdate < '1995-04-01'::date))
                                             Heap Blocks: exact=228709
                                             Buffers: shared hit=135964 read=94355 written=96
                                             ->  Bitmap Index Scan on orders_o_orderdate_o_orderkey_idx  (cost=0.00..12020.14 rows=561170 width=0) (actual time=360.426..360.426 rows=566051 loops=1)
                                                   Index Cond: ((o_orderdate >= '1995-01-01'::date) AND (o_orderdate < '1995-04-01'::date))
                                                   Buffers: shared read=1610 written=4
                           ->  Hash  (cost=50278.00..50278.00 rows=1500000 width=146) (actual time=1799.613..1799.613 rows=1500000 loops=1)
                                 Buckets: 2097152  Batches: 1  Memory Usage: 281501kB
                                 Buffers: shared hit=2 read=35276 written=47
                                 ->  Seq Scan on customer  (cost=0.00..50278.00 rows=1500000 width=146) (actual time=0.019..916.386 rows=1500000 loops=1)
                                       Buffers: shared hit=2 read=35276 written=47
                     ->  Hash  (cost=1.25..1.25 rows=25 width=30) (actual time=0.022..0.022 rows=25 loops=1)
                           Buckets: 1024  Batches: 1  Memory Usage: 10kB
                           Buffers: shared hit=1
                           ->  Seq Scan on nation  (cost=0.00..1.25 rows=25 width=30) (actual time=0.006..0.011 rows=25 loops=1)
                                 Buffers: shared hit=1
 Planning time: 5.878 ms
 Execution time: 26654.955 ms
(42 rows)

COMMIT;
COMMIT
