BEGIN;
BEGIN
EXPLAIN (ANALYZE, BUFFERS)
select
	s_name,
	s_address
from
	supplier,
	nation
where
	s_suppkey in (
		select
			distinct (ps_suppkey)
		from
			partsupp,
			part
		where
			ps_partkey=p_partkey
			and p_name like 'light%'
			and ps_availqty > (
				select
					0.5 * sum(l_quantity)
				from
					lineitem
				where
					l_partkey = ps_partkey
					and l_suppkey = ps_suppkey
					and l_shipdate >= '1996-01-01'
					and l_shipdate < cast(date '1996-01-01' + interval '1 year' as date)
			)
	)
	and s_nationkey = n_nationkey
	and n_name = 'ROMANIA'
order by
	s_name;
                                                                                            QUERY PLAN                                                                                             
---------------------------------------------------------------------------------------------------------------------------------------------------------------------------------------------------
 Sort  (cost=11734579.15..11734582.08 rows=1174 width=51) (actual time=9128.225..9128.323 rows=1748 loops=1)
   Sort Key: supplier.s_name
   Sort Method: quicksort  Memory: 251kB
   Buffers: shared hit=2762282 read=337361 dirtied=1999 written=96
   ->  Hash Join  (cost=11733810.22..11734519.29 rows=1174 width=51) (actual time=9109.079..9126.191 rows=1748 loops=1)
         Hash Cond: (partsupp.ps_suppkey = supplier.s_suppkey)
         Buffers: shared hit=2762277 read=337361 dirtied=1999 written=96
         ->  HashAggregate  (cost=11731368.62..11731662.23 rows=29361 width=4) (actual time=9092.906..9104.065 rows=44536 loops=1)
               Group Key: partsupp.ps_suppkey
               Buffers: shared hit=2760435 read=337348 dirtied=1999 written=96
               ->  Nested Loop  (cost=0.86..11731295.21 rows=29361 width=4) (actual time=0.761..9036.385 rows=58709 loops=1)
                     Buffers: shared hit=2760435 read=337348 dirtied=1999 written=96
                     ->  Index Scan using pk_part on part  (cost=0.43..97473.43 rows=22021 width=4) (actual time=0.059..1117.848 rows=21632 loops=1)
                           Filter: ((p_name)::text ~~ 'light%'::text)
                           Rows Removed by Filter: 1978368
                           Buffers: shared hit=1037 read=45704 written=13
                     ->  Index Scan using pk_partsupp on partsupp  (cost=0.43..528.30 rows=1 width=8) (actual time=0.301..0.364 rows=3 loops=21632)
                           Index Cond: (ps_partkey = part.p_partkey)
                           Filter: ((ps_availqty)::double precision > (SubPlan 1))
                           Rows Removed by Filter: 1
                           Buffers: shared hit=2759398 read=291644 dirtied=1999 written=83
                           SubPlan 1
                             ->  Aggregate  (cost=129.34..129.35 rows=1 width=4) (actual time=0.083..0.083 rows=1 loops=86528)
                                   Buffers: shared hit=2704584 read=257050 dirtied=1999 written=74
                                   ->  Index Scan using lineitem_l_partkey_l_quantity_l_shipmode_idx on lineitem  (cost=0.56..129.34 rows=1 width=4) (actual time=0.052..0.082 rows=1 loops=86528)
                                         Index Cond: (l_partkey = partsupp.ps_partkey)
                                         Filter: ((l_shipdate >= '1996-01-01'::date) AND (l_shipdate < '1997-01-01'::date) AND (l_suppkey = partsupp.ps_suppkey))
                                         Rows Removed by Filter: 29
                                         Buffers: shared hit=2704584 read=257050 dirtied=1999 written=74
         ->  Hash  (cost=2391.61..2391.61 rows=4000 width=55) (actual time=16.122..16.122 rows=4029 loops=1)
               Buckets: 4096  Batches: 1  Memory Usage: 385kB
               Buffers: shared hit=1842 read=13
               ->  Nested Loop  (cost=79.29..2391.61 rows=4000 width=55) (actual time=1.326..14.617 rows=4029 loops=1)
                     Buffers: shared hit=1842 read=13
                     ->  Seq Scan on nation  (cost=0.00..1.31 rows=1 width=4) (actual time=0.010..0.015 rows=1 loops=1)
                           Filter: (n_name = 'ROMANIA'::bpchar)
                           Rows Removed by Filter: 24
                           Buffers: shared hit=1
                     ->  Bitmap Heap Scan on supplier  (cost=79.29..2350.29 rows=4000 width=59) (actual time=1.308..13.708 rows=4029 loops=1)
                           Recheck Cond: (s_nationkey = nation.n_nationkey)
                           Heap Blocks: exact=1841
                           Buffers: shared hit=1841 read=13
                           ->  Bitmap Index Scan on supplier_s_nationkey_s_suppkey_idx  (cost=0.00..78.29 rows=4000 width=0) (actual time=1.004..1.004 rows=4029 loops=1)
                                 Index Cond: (s_nationkey = nation.n_nationkey)
                                 Buffers: shared read=13
 Planning time: 4.876 ms
 Execution time: 9129.412 ms
(47 rows)

COMMIT;
COMMIT
