BEGIN;
BEGIN
EXPLAIN (ANALYZE, BUFFERS)
select
	o_year,
	sum(case
		when nation = 'CHINA' then volume
		else 0
	end) / sum(volume) as mkt_share
from
	(
		select
			extract(year from o_orderdate) as o_year,
			l_extendedprice * (1 - l_discount) as volume,
			n2.n_name as nation
		from
			part,
			supplier,
			lineitem,
			orders,
			customer,
			nation n1,
			nation n2,
			region
		where
			p_partkey = l_partkey
			and s_suppkey = l_suppkey
			and l_orderkey = o_orderkey
			and o_custkey = c_custkey
			and c_nationkey = n1.n_nationkey
			and n1.n_regionkey = r_regionkey
			and r_name = 'ASIA'
			and s_nationkey = n2.n_nationkey
			and o_orderdate between date '1995-01-01' and date '1996-12-31'
			and p_type = 'LARGE BURNISHED COPPER'
	) as all_nations
group by
	o_year
order by
	o_year;
                                                                                                QUERY PLAN                                                                                                
----------------------------------------------------------------------------------------------------------------------------------------------------------------------------------------------------------
 Sort  (cost=1723331.21..1723333.03 rows=727 width=38) (actual time=10678.398..10678.398 rows=2 loops=1)
   Sort Key: (date_part('year'::text, (orders.o_orderdate)::timestamp without time zone))
   Sort Method: quicksort  Memory: 25kB
   Buffers: shared hit=1727074 read=289843 dirtied=1778 written=302
   ->  HashAggregate  (cost=1723283.94..1723296.66 rows=727 width=38) (actual time=10678.334..10678.334 rows=2 loops=1)
         Group Key: date_part('year'::text, (orders.o_orderdate)::timestamp without time zone)
         Buffers: shared hit=1727071 read=289843 dirtied=1778 written=302
         ->  Hash Join  (cost=39444.58..1722799.22 rows=24236 width=38) (actual time=1173.046..10638.489 rows=24403 loops=1)
               Hash Cond: (supplier.s_nationkey = n2.n_nationkey)
               Buffers: shared hit=1727071 read=289843 dirtied=1778 written=302
               ->  Nested Loop  (cost=39443.02..1722343.23 rows=24236 width=16) (actual time=1172.981..10603.676 rows=24403 loops=1)
                     Buffers: shared hit=1727067 read=289843 dirtied=1778 written=302
                     ->  Hash Join  (cost=39442.72..1714523.19 rows=24236 width=16) (actual time=1172.953..10399.696 rows=24403 loops=1)
                           Hash Cond: (orders.o_custkey = customer.c_custkey)
                           Buffers: shared hit=1653715 read=289843 dirtied=1778 written=302
                           ->  Nested Loop  (cost=412.04..1674795.72 rows=121181 width=20) (actual time=7.730..9154.246 rows=122180 loops=1)
                                 Buffers: shared hit=1543583 read=253738 dirtied=1778 written=288
                                 ->  Nested Loop  (cost=411.60..1478407.78 rows=401071 width=16) (actual time=7.553..4250.704 rows=401082 loops=1)
                                       Buffers: shared hit=266198 read=204249 dirtied=1755 written=234
                                       ->  Bitmap Heap Scan on part  (cost=411.04..28006.04 rows=13240 width=4) (actual time=7.493..140.568 rows=13317 loops=1)
                                             Recheck Cond: ((p_type)::text = 'LARGE BURNISHED COPPER'::text)
                                             Heap Blocks: exact=11393
                                             Buffers: shared hit=4552 read=6924 written=7
                                             ->  Bitmap Index Scan on part_p_type_p_partkey_idx  (cost=0.00..407.73 rows=13240 width=0) (actual time=5.132..5.132 rows=13317 loops=1)
                                                   Index Cond: ((p_type)::text = 'LARGE BURNISHED COPPER'::text)
                                                   Buffers: shared read=83
                                       ->  Index Scan using lineitem_l_partkey_l_quantity_l_shipmode_idx on lineitem  (cost=0.56..109.24 rows=31 width=20) (actual time=0.028..0.298 rows=30 loops=13317)
                                             Index Cond: (l_partkey = part.p_partkey)
                                             Buffers: shared hit=261646 read=197325 dirtied=1755 written=227
                                 ->  Index Scan using orders_o_orderkey_o_orderdate_idx on orders  (cost=0.43..0.48 rows=1 width=12) (actual time=0.011..0.012 rows=0 loops=401082)
                                       Index Cond: ((o_orderkey = lineitem.l_orderkey) AND (o_orderdate >= '1995-01-01'::date) AND (o_orderdate <= '1996-12-31'::date))
                                       Buffers: shared hit=1277385 read=49489 dirtied=23 written=54
                           ->  Hash  (cost=35280.69..35280.69 rows=300000 width=4) (actual time=1161.847..1161.847 rows=300270 loops=1)
                                 Buckets: 524288  Batches: 1  Memory Usage: 14653kB
                                 Buffers: shared hit=110132 read=36105 written=14
                                 ->  Nested Loop  (cost=906.18..35280.69 rows=300000 width=4) (actual time=22.693..1066.060 rows=300270 loops=1)
                                       Buffers: shared hit=110132 read=36105 written=14
                                       ->  Hash Join  (cost=1.07..2.47 rows=5 width=4) (actual time=0.050..0.078 rows=5 loops=1)
                                             Hash Cond: (n1.n_regionkey = region.r_regionkey)
                                             Buffers: shared hit=2
                                             ->  Seq Scan on nation n1  (cost=0.00..1.25 rows=25 width=8) (actual time=0.006..0.013 rows=25 loops=1)
                                                   Buffers: shared hit=1
                                             ->  Hash  (cost=1.06..1.06 rows=1 width=4) (actual time=0.019..0.019 rows=1 loops=1)
                                                   Buckets: 1024  Batches: 1  Memory Usage: 9kB
                                                   Buffers: shared hit=1
                                                   ->  Seq Scan on region  (cost=0.00..1.06 rows=1 width=4) (actual time=0.013..0.014 rows=1 loops=1)
                                                         Filter: (r_name = 'ASIA'::bpchar)
                                                         Rows Removed by Filter: 4
                                                         Buffers: shared hit=1
                                       ->  Bitmap Heap Scan on customer  (cost=905.11..6455.64 rows=60000 width=8) (actual time=19.537..201.916 rows=60054 loops=5)
                                             Recheck Cond: (c_nationkey = n1.n_nationkey)
                                             Heap Blocks: exact=145400
                                             Buffers: shared hit=110130 read=36105 written=14
                                             ->  Bitmap Index Scan on customer_c_nationkey_c_custkey_idx  (cost=0.00..890.11 rows=60000 width=0) (actual time=12.765..12.765 rows=60054 loops=5)
                                                   Index Cond: (c_nationkey = n1.n_nationkey)
                                                   Buffers: shared hit=5 read=830
                     ->  Index Scan using pk_supplier on supplier  (cost=0.29..0.31 rows=1 width=8) (actual time=0.007..0.007 rows=1 loops=24403)
                           Index Cond: (s_suppkey = lineitem.l_suppkey)
                           Buffers: shared hit=73352
               ->  Hash  (cost=1.25..1.25 rows=25 width=30) (actual time=0.020..0.020 rows=25 loops=1)
                     Buckets: 1024  Batches: 1  Memory Usage: 10kB
                     Buffers: shared hit=1
                     ->  Seq Scan on nation n2  (cost=0.00..1.25 rows=25 width=30) (actual time=0.003..0.008 rows=25 loops=1)
                           Buffers: shared hit=1
 Planning time: 8.772 ms
 Execution time: 10679.178 ms
(66 rows)

COMMIT;
COMMIT
