BEGIN;
BEGIN
EXPLAIN (ANALYZE, BUFFERS)
select
	sum(l_extendedprice) / 7.0 as avg_yearly
from
	lineitem,
	part
where
	p_partkey = l_partkey
	and p_brand = 'Brand#52'
	and p_container = 'WRAP BAG'
	and l_quantity < (
		select
			0.2 * avg(l_quantity)
		from
			lineitem
		where
			l_partkey = p_partkey
	);
                                                                                               QUERY PLAN                                                                                               
--------------------------------------------------------------------------------------------------------------------------------------------------------------------------------------------------------
 Aggregate  (cost=356071.81..356071.82 rows=1 width=4) (actual time=690.474..690.474 rows=1 loops=1)
   Buffers: shared hit=55188 read=25106 dirtied=42
   ->  Nested Loop  (cost=130.19..356021.57 rows=20095 width=4) (actual time=0.616..689.536 rows=5093 loops=1)
         Buffers: shared hit=55188 read=25106 dirtied=42
         ->  Index Only Scan using part_p_container_p_brand_p_partkey_idx on part  (cost=0.43..7913.23 rows=2004 width=4) (actual time=0.136..30.258 rows=1912 loops=1)
               Index Cond: ((p_container = 'WRAP BAG'::bpchar) AND (p_brand = 'Brand#52'::bpchar))
               Heap Fetches: 1912
               Buffers: shared hit=341 read=1550
         ->  Index Scan using lineitem_l_partkey_l_quantity_l_shipmode_idx on lineitem  (cost=129.76..173.61 rows=10 width=12) (actual time=0.005..0.007 rows=3 loops=1912)
               Index Cond: ((l_partkey = part.p_partkey) AND (l_quantity < (SubPlan 1)))
               Buffers: shared hit=12782
               SubPlan 1
                 ->  Aggregate  (cost=129.19..129.20 rows=1 width=4) (actual time=0.335..0.335 rows=1 loops=1912)
                       Buffers: shared hit=42065 read=23556 dirtied=42
                       ->  Index Only Scan using lineitem_l_partkey_l_quantity_l_shipmode_idx on lineitem lineitem_1  (cost=0.56..129.11 rows=31 width=4) (actual time=0.037..0.326 rows=30 loops=1912)
                             Index Cond: (l_partkey = part.p_partkey)
                             Heap Fetches: 57685
                             Buffers: shared hit=42065 read=23556 dirtied=42
               SubPlan 1
                 ->  Aggregate  (cost=129.19..129.20 rows=1 width=4) (actual time=0.335..0.335 rows=1 loops=1912)
                       Buffers: shared hit=42065 read=23556 dirtied=42
                       ->  Index Only Scan using lineitem_l_partkey_l_quantity_l_shipmode_idx on lineitem lineitem_1  (cost=0.56..129.11 rows=31 width=4) (actual time=0.037..0.326 rows=30 loops=1912)
                             Index Cond: (l_partkey = part.p_partkey)
                             Heap Fetches: 57685
                             Buffers: shared hit=42065 read=23556 dirtied=42
 Planning time: 3.221 ms
 Execution time: 690.646 ms
(27 rows)

COMMIT;
COMMIT
