BEGIN;
BEGIN
EXPLAIN (ANALYZE, BUFFERS)
select
	s_name,
	count(*) as numwait
from
	supplier,
	lineitem l1,
	orders,
	nation
where
	s_suppkey = l1.l_suppkey
	and o_orderkey = l1.l_orderkey
	and o_orderstatus = 'F'
	and l1.l_receiptdate > l1.l_commitdate
	and exists (
		select
			*
		from
			lineitem l2
		where
			l2.l_orderkey = l1.l_orderkey
			and l2.l_suppkey <> l1.l_suppkey
	)
	and not exists (
		select
			*
		from
			lineitem l3
		where
			l3.l_orderkey = l1.l_orderkey
			and l3.l_suppkey <> l1.l_suppkey
			and l3.l_receiptdate > l3.l_commitdate
	)
	and s_nationkey = n_nationkey
	and n_name = 'JAPAN'
group by
	s_name
order by
	numwait desc,
	s_name
LIMIT 100;
                                                                                                 QUERY PLAN                                                                                                 
------------------------------------------------------------------------------------------------------------------------------------------------------------------------------------------------------------
 Limit  (cost=1954782.51..1954782.52 rows=1 width=26) (actual time=48048.748..48048.766 rows=100 loops=1)
   Buffers: shared hit=13968623 read=641632 dirtied=1210 written=2736
   ->  Sort  (cost=1954782.51..1954782.52 rows=1 width=26) (actual time=48048.744..48048.751 rows=100 loops=1)
         Sort Key: (count(*)), supplier.s_name
         Sort Method: top-N heapsort  Memory: 32kB
         Buffers: shared hit=13968623 read=641632 dirtied=1210 written=2736
         ->  HashAggregate  (cost=1954782.49..1954782.50 rows=1 width=26) (actual time=48045.344..48047.501 rows=4009 loops=1)
               Group Key: supplier.s_name
               Buffers: shared hit=13968615 read=641632 dirtied=1210 written=2736
               ->  Nested Loop Anti Join  (cost=2443.74..1954782.49 rows=1 width=26) (actual time=17.023..47953.057 rows=40108 loops=1)
                     Buffers: shared hit=13968615 read=641632 dirtied=1210 written=2736
                     ->  Nested Loop Semi Join  (cost=2443.17..1954781.18 rows=1 width=34) (actual time=15.302..44653.822 rows=709178 loops=1)
                           Join Filter: (orders.o_orderkey = l2.l_orderkey)
                           Buffers: shared hit=10415822 read=640197 dirtied=1210 written=2730
                           ->  Nested Loop  (cost=2442.61..1433548.12 rows=390118 width=38) (actual time=15.261..38784.812 rows=736160 loops=1)
                                 Buffers: shared hit=6853919 read=515565 dirtied=1210 written=2168
                                 ->  Hash Join  (cost=2442.17..1011683.65 rows=801399 width=34) (actual time=15.222..29188.510 rows=1523341 loops=1)
                                       Hash Cond: (l1.l_suppkey = supplier.s_suppkey)
                                       Buffers: shared hit=818859 read=448936 dirtied=959 written=1651
                                       ->  Index Scan using lineitem_l_orderkey_idx_part1 on lineitem l1  (cost=0.56..926095.44 rows=20035364 width=8) (actual time=0.073..19703.906 rows=37966905 loops=1)
                                             Buffers: shared hit=817018 read=448923 dirtied=959 written=1651
                                       ->  Hash  (cost=2391.61..2391.61 rows=4000 width=30) (actual time=15.091..15.091 rows=4009 loops=1)
                                             Buckets: 4096  Batches: 1  Memory Usage: 283kB
                                             Buffers: shared hit=1838 read=13
                                             ->  Nested Loop  (cost=79.29..2391.61 rows=4000 width=30) (actual time=1.226..13.997 rows=4009 loops=1)
                                                   Buffers: shared hit=1838 read=13
                                                   ->  Seq Scan on nation  (cost=0.00..1.31 rows=1 width=4) (actual time=0.011..0.019 rows=1 loops=1)
                                                         Filter: (n_name = 'JAPAN'::bpchar)
                                                         Rows Removed by Filter: 24
                                                         Buffers: shared hit=1
                                                   ->  Bitmap Heap Scan on supplier  (cost=79.29..2350.29 rows=4000 width=34) (actual time=1.208..13.189 rows=4009 loops=1)
                                                         Recheck Cond: (s_nationkey = nation.n_nationkey)
                                                         Heap Blocks: exact=1837
                                                         Buffers: shared hit=1837 read=13
                                                         ->  Bitmap Index Scan on supplier_s_nationkey_s_suppkey_idx  (cost=0.00..78.29 rows=4000 width=0) (actual time=0.874..0.874 rows=4009 loops=1)
                                                               Index Cond: (s_nationkey = nation.n_nationkey)
                                                               Buffers: shared read=13
                                 ->  Index Scan using orders_o_orderkey_o_orderdate_idx on orders  (cost=0.43..0.52 rows=1 width=4) (actual time=0.005..0.006 rows=0 loops=1523341)
                                       Index Cond: (o_orderkey = l1.l_orderkey)
                                       Filter: (o_orderstatus = 'F'::bpchar)
                                       Rows Removed by Filter: 1
                                       Buffers: shared hit=6035060 read=66629 dirtied=251 written=517
                           ->  Index Scan using pk_lineitem on lineitem l2  (cost=0.56..1.15 rows=15 width=8) (actual time=0.007..0.007 rows=1 loops=736160)
                                 Index Cond: (l_orderkey = l1.l_orderkey)
                                 Filter: (l_suppkey <> l1.l_suppkey)
                                 Rows Removed by Filter: 0
                                 Buffers: shared hit=3561903 read=124632 written=562
                     ->  Index Scan using lineitem_l_orderkey_idx_part1 on lineitem l3  (cost=0.56..0.91 rows=5 width=8) (actual time=0.004..0.004 rows=1 loops=709178)
                           Index Cond: (l_orderkey = l1.l_orderkey)
                           Filter: (l_suppkey <> l1.l_suppkey)
                           Rows Removed by Filter: 0
                           Buffers: shared hit=3552793 read=1435 written=6
 Planning time: 10.636 ms
 Execution time: 48049.176 ms
(54 rows)

COMMIT;
COMMIT
