BEGIN;
BEGIN
EXPLAIN (ANALYZE, BUFFERS)
select
	s_name,
	count(*) as numwait
from
	supplier,
	lineitem l1,
	orders,
	nation
where
	s_suppkey = l1.l_suppkey
	and o_orderkey = l1.l_orderkey
	and o_orderstatus = 'F'
	and l1.l_receiptdate > l1.l_commitdate
	and exists (
		select
			*
		from
			lineitem l2
		where
			l2.l_orderkey = l1.l_orderkey
			and l2.l_suppkey <> l1.l_suppkey
	)
	and not exists (
		select
			*
		from
			lineitem l3
		where
			l3.l_orderkey = l1.l_orderkey
			and l3.l_suppkey <> l1.l_suppkey
			and l3.l_receiptdate > l3.l_commitdate
	)
	and s_nationkey = n_nationkey
	and n_name = 'IRAN'
group by
	s_name
order by
	numwait desc,
	s_name
LIMIT 100;
                                                                                                 QUERY PLAN                                                                                                 
------------------------------------------------------------------------------------------------------------------------------------------------------------------------------------------------------------
 Limit  (cost=1952808.07..1952808.08 rows=1 width=26) (actual time=44254.667..44254.685 rows=100 loops=1)
   Buffers: shared hit=14403591 read=200591 dirtied=195 written=1887
   ->  Sort  (cost=1952808.07..1952808.08 rows=1 width=26) (actual time=44254.663..44254.670 rows=100 loops=1)
         Sort Key: (count(*)), supplier.s_name
         Sort Method: top-N heapsort  Memory: 32kB
         Buffers: shared hit=14403591 read=200591 dirtied=195 written=1887
         ->  HashAggregate  (cost=1952808.05..1952808.06 rows=1 width=26) (actual time=44251.545..44253.398 rows=4023 loops=1)
               Group Key: supplier.s_name
               Buffers: shared hit=14403583 read=200591 dirtied=195 written=1887
               ->  Nested Loop Anti Join  (cost=2443.74..1952808.05 rows=1 width=26) (actual time=72.139..44166.407 rows=39932 loops=1)
                     Buffers: shared hit=14403583 read=200591 dirtied=195 written=1887
                     ->  Nested Loop Semi Join  (cost=2443.17..1952806.74 rows=1 width=34) (actual time=63.638..40839.553 rows=709091 loops=1)
                           Join Filter: (orders.o_orderkey = l2.l_orderkey)
                           Buffers: shared hit=10850100 read=200352 dirtied=195 written=1886
                           ->  Nested Loop  (cost=2442.61..1432106.33 rows=389727 width=38) (actual time=63.595..35570.574 rows=735737 loops=1)
                                 Buffers: shared hit=7205600 read=160754 dirtied=195 written=1311
                                 ->  Hash Join  (cost=2442.17..1010671.48 rows=800595 width=34) (actual time=63.400..26526.776 rows=1523003 loops=1)
                                       Hash Cond: (l1.l_suppkey = supplier.s_suppkey)
                                       Buffers: shared hit=1141501 read=124526 dirtied=195 written=785
                                       ->  Index Scan using lineitem_l_orderkey_idx_part1 on lineitem l1  (cost=0.56..925166.69 rows=20015264 width=8) (actual time=0.033..17347.287 rows=37928797 loops=1)
                                             Buffers: shared hit=1139837 read=124319 dirtied=195 written=785
                                       ->  Hash  (cost=2391.61..2391.61 rows=4000 width=30) (actual time=63.309..63.309 rows=4023 loops=1)
                                             Buckets: 4096  Batches: 1  Memory Usage: 284kB
                                             Buffers: shared hit=1661 read=207
                                             ->  Nested Loop  (cost=79.29..2391.61 rows=4000 width=30) (actual time=2.694..60.963 rows=4023 loops=1)
                                                   Buffers: shared hit=1661 read=207
                                                   ->  Seq Scan on nation  (cost=0.00..1.31 rows=1 width=4) (actual time=0.010..0.021 rows=1 loops=1)
                                                         Filter: (n_name = 'IRAN'::bpchar)
                                                         Rows Removed by Filter: 24
                                                         Buffers: shared hit=1
                                                   ->  Bitmap Heap Scan on supplier  (cost=79.29..2350.29 rows=4000 width=34) (actual time=2.675..59.373 rows=4023 loops=1)
                                                         Recheck Cond: (s_nationkey = nation.n_nationkey)
                                                         Heap Blocks: exact=1854
                                                         Buffers: shared hit=1660 read=207
                                                         ->  Bitmap Index Scan on supplier_s_nationkey_s_suppkey_idx  (cost=0.00..78.29 rows=4000 width=0) (actual time=2.290..2.290 rows=4023 loops=1)
                                                               Index Cond: (s_nationkey = nation.n_nationkey)
                                                               Buffers: shared hit=1 read=12
                                 ->  Index Scan using orders_o_orderkey_o_orderdate_idx on orders  (cost=0.43..0.52 rows=1 width=4) (actual time=0.005..0.005 rows=0 loops=1523003)
                                       Index Cond: (o_orderkey = l1.l_orderkey)
                                       Filter: (o_orderstatus = 'F'::bpchar)
                                       Rows Removed by Filter: 1
                                       Buffers: shared hit=6064099 read=36228 written=526
                           ->  Index Scan using pk_lineitem on lineitem l2  (cost=0.56..1.15 rows=15 width=8) (actual time=0.006..0.006 rows=1 loops=735737)
                                 Index Cond: (l_orderkey = l1.l_orderkey)
                                 Filter: (l_suppkey <> l1.l_suppkey)
                                 Rows Removed by Filter: 0
                                 Buffers: shared hit=3644500 read=39598 written=575
                     ->  Index Scan using lineitem_l_orderkey_idx_part1 on lineitem l3  (cost=0.56..0.91 rows=5 width=8) (actual time=0.004..0.004 rows=1 loops=709091)
                           Index Cond: (l_orderkey = l1.l_orderkey)
                           Filter: (l_suppkey <> l1.l_suppkey)
                           Rows Removed by Filter: 0
                           Buffers: shared hit=3553483 read=239 written=1
 Planning time: 9.945 ms
 Execution time: 44255.133 ms
(54 rows)

COMMIT;
COMMIT
