BEGIN;
BEGIN
EXPLAIN
select
	o_orderpriority,
	count(*) as order_count
from
	orders
where
	o_orderdate >= date '1995-09-01'
	and o_orderdate < cast(date '1995-09-01' + interval '3 month' as date)
	and exists (
		select
			*
		from
			lineitem
		where
			l_orderkey = o_orderkey
			and l_commitdate < l_receiptdate
	)
group by
	o_orderpriority
order by
	o_orderpriority;
                                                        QUERY PLAN                                                         
---------------------------------------------------------------------------------------------------------------------------
 Sort  (cost=1137686.75..1137686.76 rows=1 width=16)
   Sort Key: orders.o_orderpriority
   ->  HashAggregate  (cost=1137686.73..1137686.74 rows=1 width=16)
         Group Key: orders.o_orderpriority
         ->  Nested Loop Semi Join  (cost=12031.05..1136917.39 rows=153869 width=16)
               ->  Bitmap Heap Scan on orders  (cost=12030.48..274060.84 rows=567224 width=20)
                     Recheck Cond: ((o_orderdate >= '1995-09-01'::date) AND (o_orderdate < '1995-12-01'::date))
                     ->  Bitmap Index Scan on orders_o_orderdate_o_orderkey_idx  (cost=0.00..11888.67 rows=567224 width=0)
                           Index Cond: ((o_orderdate >= '1995-09-01'::date) AND (o_orderdate < '1995-12-01'::date))
               ->  Index Scan using lineitem_l_orderkey_idx_part1 on lineitem  (cost=0.56..4.57 rows=5 width=4)
                     Index Cond: (l_orderkey = orders.o_orderkey)
 Planning time: 2.125 ms
(12 rows)

COMMIT;
COMMIT
