BEGIN;
BEGIN
EXPLAIN (ANALYZE, BUFFERS)
select
	sum(l_extendedprice) / 7.0 as avg_yearly
from
	lineitem,
	part
where
	p_partkey = l_partkey
	and p_brand = 'Brand#13'
	and p_container = 'JUMBO CASE'
	and l_quantity < (
		select
			0.2 * avg(l_quantity)
		from
			lineitem
		where
			l_partkey = p_partkey
	);
                                                                                               QUERY PLAN                                                                                               
--------------------------------------------------------------------------------------------------------------------------------------------------------------------------------------------------------
 Aggregate  (cost=354480.66..354480.67 rows=1 width=4) (actual time=749.899..749.899 rows=1 loops=1)
   Buffers: shared hit=59901 read=25541 dirtied=50
   ->  Nested Loop  (cost=130.19..354430.60 rows=20025 width=4) (actual time=0.817..748.955 rows=5432 loops=1)
         Buffers: shared hit=59901 read=25541 dirtied=50
         ->  Index Only Scan using part_p_container_p_brand_p_partkey_idx on part  (cost=0.43..7881.06 rows=1995 width=4) (actual time=0.189..34.668 rows=2037 loops=1)
               Index Cond: ((p_container = 'JUMBO CASE'::bpchar) AND (p_brand = 'Brand#13'::bpchar))
               Heap Fetches: 2037
               Buffers: shared hit=131 read=1875
         ->  Index Scan using lineitem_l_partkey_l_quantity_l_shipmode_idx on lineitem  (cost=129.76..173.61 rows=10 width=12) (actual time=0.005..0.006 rows=3 loops=2037)
               Index Cond: ((l_partkey = part.p_partkey) AND (l_quantity < (SubPlan 1)))
               Buffers: shared hit=13635
               SubPlan 1
                 ->  Aggregate  (cost=129.19..129.20 rows=1 width=4) (actual time=0.341..0.341 rows=1 loops=2037)
                       Buffers: shared hit=46135 read=23666 dirtied=50
                       ->  Index Only Scan using lineitem_l_partkey_l_quantity_l_shipmode_idx on lineitem lineitem_1  (cost=0.56..129.11 rows=31 width=4) (actual time=0.035..0.333 rows=30 loops=2037)
                             Index Cond: (l_partkey = part.p_partkey)
                             Heap Fetches: 61346
                             Buffers: shared hit=46135 read=23666 dirtied=50
               SubPlan 1
                 ->  Aggregate  (cost=129.19..129.20 rows=1 width=4) (actual time=0.341..0.341 rows=1 loops=2037)
                       Buffers: shared hit=46135 read=23666 dirtied=50
                       ->  Index Only Scan using lineitem_l_partkey_l_quantity_l_shipmode_idx on lineitem lineitem_1  (cost=0.56..129.11 rows=31 width=4) (actual time=0.035..0.333 rows=30 loops=2037)
                             Index Cond: (l_partkey = part.p_partkey)
                             Heap Fetches: 61346
                             Buffers: shared hit=46135 read=23666 dirtied=50
 Planning time: 3.109 ms
 Execution time: 750.120 ms
(27 rows)

COMMIT;
COMMIT
