BEGIN;
BEGIN
EXPLAIN (ANALYZE, BUFFERS)
select
	sum(l_extendedprice) / 7.0 as avg_yearly
from
	lineitem,
	part
where
	p_partkey = l_partkey
	and p_brand = 'Brand#54'
	and p_container = 'LG BAG'
	and l_quantity < (
		select
			0.2 * avg(l_quantity)
		from
			lineitem
		where
			l_partkey = p_partkey
	);
                                                                                               QUERY PLAN                                                                                               
--------------------------------------------------------------------------------------------------------------------------------------------------------------------------------------------------------
 Aggregate  (cost=340297.98..340297.99 rows=1 width=4) (actual time=736.533..736.533 rows=1 loops=1)
   Buffers: shared hit=57631 read=25358 dirtied=160
   ->  Nested Loop  (cost=130.19..340249.93 rows=19222 width=4) (actual time=0.758..735.629 rows=5368 loops=1)
         Buffers: shared hit=57631 read=25358 dirtied=160
         ->  Index Only Scan using part_p_container_p_brand_p_partkey_idx on part  (cost=0.43..7567.59 rows=1915 width=4) (actual time=0.161..33.225 rows=1969 loops=1)
               Index Cond: ((p_container = 'LG BAG'::bpchar) AND (p_brand = 'Brand#54'::bpchar))
               Heap Fetches: 1969
               Buffers: shared hit=169 read=1776
         ->  Index Scan using lineitem_l_partkey_l_quantity_l_shipmode_idx on lineitem  (cost=129.76..173.62 rows=10 width=12) (actual time=0.005..0.007 rows=3 loops=1969)
               Index Cond: ((l_partkey = part.p_partkey) AND (l_quantity < (SubPlan 1)))
               Buffers: shared hit=13282
               SubPlan 1
                 ->  Aggregate  (cost=129.19..129.20 rows=1 width=4) (actual time=0.347..0.347 rows=1 loops=1969)
                       Buffers: shared hit=44180 read=23582 dirtied=160
                       ->  Index Only Scan using lineitem_l_partkey_l_quantity_l_shipmode_idx on lineitem lineitem_1  (cost=0.56..129.11 rows=31 width=4) (actual time=0.037..0.339 rows=30 loops=1969)
                             Index Cond: (l_partkey = part.p_partkey)
                             Heap Fetches: 59595
                             Buffers: shared hit=44180 read=23582 dirtied=160
               SubPlan 1
                 ->  Aggregate  (cost=129.19..129.20 rows=1 width=4) (actual time=0.347..0.347 rows=1 loops=1969)
                       Buffers: shared hit=44180 read=23582 dirtied=160
                       ->  Index Only Scan using lineitem_l_partkey_l_quantity_l_shipmode_idx on lineitem lineitem_1  (cost=0.56..129.11 rows=31 width=4) (actual time=0.037..0.339 rows=30 loops=1969)
                             Index Cond: (l_partkey = part.p_partkey)
                             Heap Fetches: 59595
                             Buffers: shared hit=44180 read=23582 dirtied=160
 Planning time: 3.103 ms
 Execution time: 736.722 ms
(27 rows)

COMMIT;
COMMIT
