BEGIN;
BEGIN
EXPLAIN (ANALYZE, BUFFERS)
select
	s_name,
	count(*) as numwait
from
	supplier,
	lineitem l1,
	orders,
	nation
where
	s_suppkey = l1.l_suppkey
	and o_orderkey = l1.l_orderkey
	and o_orderstatus = 'F'
	and l1.l_receiptdate > l1.l_commitdate
	and exists (
		select
			*
		from
			lineitem l2
		where
			l2.l_orderkey = l1.l_orderkey
			and l2.l_suppkey <> l1.l_suppkey
	)
	and not exists (
		select
			*
		from
			lineitem l3
		where
			l3.l_orderkey = l1.l_orderkey
			and l3.l_suppkey <> l1.l_suppkey
			and l3.l_receiptdate > l3.l_commitdate
	)
	and s_nationkey = n_nationkey
	and n_name = 'MOROCCO'
group by
	s_name
order by
	numwait desc,
	s_name
LIMIT 100;
                                                                                                 QUERY PLAN                                                                                                 
------------------------------------------------------------------------------------------------------------------------------------------------------------------------------------------------------------
 Limit  (cost=1966540.89..1966540.90 rows=1 width=26) (actual time=44005.095..44005.114 rows=100 loops=1)
   Buffers: shared hit=13843891 read=699715 dirtied=548 written=9108
   ->  Sort  (cost=1966540.89..1966540.90 rows=1 width=26) (actual time=44005.091..44005.099 rows=100 loops=1)
         Sort Key: (count(*)), supplier.s_name
         Sort Method: top-N heapsort  Memory: 32kB
         Buffers: shared hit=13843891 read=699715 dirtied=548 written=9108
         ->  HashAggregate  (cost=1966540.87..1966540.88 rows=1 width=26) (actual time=44001.648..44003.772 rows=3989 loops=1)
               Group Key: supplier.s_name
               Buffers: shared hit=13843883 read=699715 dirtied=548 written=9108
               ->  Nested Loop Anti Join  (cost=2443.74..1966540.87 rows=1 width=26) (actual time=18.165..43936.711 rows=39753 loops=1)
                     Buffers: shared hit=13843883 read=699715 dirtied=548 written=9108
                     ->  Nested Loop Semi Join  (cost=2443.17..1966539.56 rows=1 width=34) (actual time=16.103..41290.618 rows=704111 loops=1)
                           Join Filter: (orders.o_orderkey = l2.l_orderkey)
                           Buffers: shared hit=10317132 read=697874 dirtied=548 written=9079
                           ->  Nested Loop  (cost=2442.61..1442131.30 rows=392447 width=38) (actual time=15.997..36130.454 rows=731017 loops=1)
                                 Buffers: shared hit=6795312 read=559092 dirtied=548 written=7514
                                 ->  Hash Join  (cost=2442.17..1017708.72 rows=806182 width=34) (actual time=15.969..27336.541 rows=1514244 loops=1)
                                       Hash Cond: (l1.l_suppkey = supplier.s_suppkey)
                                       Buffers: shared hit=799683 read=489620 dirtied=295 written=6493
                                       ->  Index Scan using lineitem_l_orderkey_idx_part1 on lineitem l1  (cost=0.56..931624.22 rows=20154952 width=8) (actual time=0.096..19165.782 rows=37965693 loops=1)
                                             Buffers: shared hit=797826 read=489607 dirtied=295 written=6493
                                       ->  Hash  (cost=2391.61..2391.61 rows=4000 width=30) (actual time=15.825..15.825 rows=3990 loops=1)
                                             Buckets: 4096  Batches: 1  Memory Usage: 282kB
                                             Buffers: shared hit=1854 read=13
                                             ->  Nested Loop  (cost=79.29..2391.61 rows=4000 width=30) (actual time=1.262..14.675 rows=3990 loops=1)
                                                   Buffers: shared hit=1854 read=13
                                                   ->  Seq Scan on nation  (cost=0.00..1.31 rows=1 width=4) (actual time=0.010..0.018 rows=1 loops=1)
                                                         Filter: (n_name = 'MOROCCO'::bpchar)
                                                         Rows Removed by Filter: 24
                                                         Buffers: shared hit=1
                                                   ->  Bitmap Heap Scan on supplier  (cost=79.29..2350.29 rows=4000 width=34) (actual time=1.246..13.847 rows=3990 loops=1)
                                                         Recheck Cond: (s_nationkey = nation.n_nationkey)
                                                         Heap Blocks: exact=1853
                                                         Buffers: shared hit=1853 read=13
                                                         ->  Bitmap Index Scan on supplier_s_nationkey_s_suppkey_idx  (cost=0.00..78.29 rows=4000 width=0) (actual time=0.952..0.952 rows=3990 loops=1)
                                                               Index Cond: (s_nationkey = nation.n_nationkey)
                                                               Buffers: shared read=13
                                 ->  Index Scan using orders_o_orderkey_o_orderdate_idx on orders  (cost=0.43..0.52 rows=1 width=4) (actual time=0.005..0.005 rows=0 loops=1514244)
                                       Index Cond: (o_orderkey = l1.l_orderkey)
                                       Filter: (o_orderstatus = 'F'::bpchar)
                                       Rows Removed by Filter: 1
                                       Buffers: shared hit=5995629 read=69472 dirtied=253 written=1021
                           ->  Index Scan using pk_lineitem on lineitem l2  (cost=0.56..1.15 rows=15 width=8) (actual time=0.006..0.006 rows=1 loops=731017)
                                 Index Cond: (l_orderkey = l1.l_orderkey)
                                 Filter: (l_suppkey <> l1.l_suppkey)
                                 Rows Removed by Filter: 0
                                 Buffers: shared hit=3521820 read=138782 written=1565
                     ->  Index Scan using lineitem_l_orderkey_idx_part1 on lineitem l3  (cost=0.56..0.91 rows=5 width=8) (actual time=0.003..0.003 rows=1 loops=704111)
                           Index Cond: (l_orderkey = l1.l_orderkey)
                           Filter: (l_suppkey <> l1.l_suppkey)
                           Rows Removed by Filter: 0
                           Buffers: shared hit=3526751 read=1841 written=29
 Planning time: 11.182 ms
 Execution time: 44005.585 ms
(54 rows)

COMMIT;
COMMIT
