BEGIN;
BEGIN
EXPLAIN (ANALYZE, BUFFERS)
select
	sum(l_extendedprice) / 7.0 as avg_yearly
from
	lineitem,
	part
where
	p_partkey = l_partkey
	and p_brand = 'Brand#54'
	and p_container = 'WRAP PKG'
	and l_quantity < (
		select
			0.2 * avg(l_quantity)
		from
			lineitem
		where
			l_partkey = p_partkey
	);
                                                                                               QUERY PLAN                                                                                               
--------------------------------------------------------------------------------------------------------------------------------------------------------------------------------------------------------
 Aggregate  (cost=350938.33..350938.35 rows=1 width=4) (actual time=772.527..772.527 rows=1 loops=1)
   Buffers: shared hit=53367 read=32776 dirtied=247 written=1
   ->  Nested Loop  (cost=130.19..350888.43 rows=19962 width=4) (actual time=0.810..771.611 rows=5491 loops=1)
         Buffers: shared hit=53367 read=32776 dirtied=247 written=1
         ->  Index Only Scan using part_p_container_p_brand_p_partkey_idx on part  (cost=0.43..7800.69 rows=1975 width=4) (actual time=0.136..33.510 rows=2040 loops=1)
               Index Cond: ((p_container = 'WRAP PKG'::bpchar) AND (p_brand = 'Brand#54'::bpchar))
               Heap Fetches: 2040
               Buffers: shared hit=71 read=1933
         ->  Index Scan using lineitem_l_partkey_l_quantity_l_shipmode_idx on lineitem  (cost=129.76..173.62 rows=10 width=12) (actual time=0.005..0.007 rows=3 loops=2040)
               Index Cond: ((l_partkey = part.p_partkey) AND (l_quantity < (SubPlan 1)))
               Buffers: shared hit=13703
               SubPlan 1
                 ->  Aggregate  (cost=129.19..129.20 rows=1 width=4) (actual time=0.351..0.352 rows=1 loops=2040)
                       Buffers: shared hit=39593 read=30843 dirtied=247 written=1
                       ->  Index Only Scan using lineitem_l_partkey_l_quantity_l_shipmode_idx on lineitem lineitem_1  (cost=0.56..129.11 rows=31 width=4) (actual time=0.037..0.343 rows=30 loops=2040)
                             Index Cond: (l_partkey = part.p_partkey)
                             Heap Fetches: 61968
                             Buffers: shared hit=39593 read=30843 dirtied=247 written=1
               SubPlan 1
                 ->  Aggregate  (cost=129.19..129.20 rows=1 width=4) (actual time=0.351..0.352 rows=1 loops=2040)
                       Buffers: shared hit=39593 read=30843 dirtied=247 written=1
                       ->  Index Only Scan using lineitem_l_partkey_l_quantity_l_shipmode_idx on lineitem lineitem_1  (cost=0.56..129.11 rows=31 width=4) (actual time=0.037..0.343 rows=30 loops=2040)
                             Index Cond: (l_partkey = part.p_partkey)
                             Heap Fetches: 61968
                             Buffers: shared hit=39593 read=30843 dirtied=247 written=1
 Planning time: 3.460 ms
 Execution time: 772.686 ms
(27 rows)

COMMIT;
COMMIT
