BEGIN;
BEGIN
EXPLAIN (ANALYZE, BUFFERS)
select
	s_name,
	count(*) as numwait
from
	supplier,
	lineitem l1,
	orders,
	nation
where
	s_suppkey = l1.l_suppkey
	and o_orderkey = l1.l_orderkey
	and o_orderstatus = 'F'
	and l1.l_receiptdate > l1.l_commitdate
	and exists (
		select
			*
		from
			lineitem l2
		where
			l2.l_orderkey = l1.l_orderkey
			and l2.l_suppkey <> l1.l_suppkey
	)
	and not exists (
		select
			*
		from
			lineitem l3
		where
			l3.l_orderkey = l1.l_orderkey
			and l3.l_suppkey <> l1.l_suppkey
			and l3.l_receiptdate > l3.l_commitdate
	)
	and s_nationkey = n_nationkey
	and n_name = 'EGYPT'
group by
	s_name
order by
	numwait desc,
	s_name
LIMIT 100;
                                                                                                 QUERY PLAN                                                                                                 
------------------------------------------------------------------------------------------------------------------------------------------------------------------------------------------------------------
 Limit  (cost=1952808.07..1952808.08 rows=1 width=26) (actual time=44231.248..44231.267 rows=100 loops=1)
   Buffers: shared hit=14266542 read=228906 dirtied=250 written=2009
   ->  Sort  (cost=1952808.07..1952808.08 rows=1 width=26) (actual time=44231.244..44231.250 rows=100 loops=1)
         Sort Key: (count(*)), supplier.s_name
         Sort Method: top-N heapsort  Memory: 32kB
         Buffers: shared hit=14266542 read=228906 dirtied=250 written=2009
         ->  HashAggregate  (cost=1952808.05..1952808.06 rows=1 width=26) (actual time=44228.451..44230.014 rows=3981 loops=1)
               Group Key: supplier.s_name
               Buffers: shared hit=14266534 read=228906 dirtied=250 written=2009
               ->  Nested Loop Anti Join  (cost=2443.74..1952808.05 rows=1 width=26) (actual time=85.781..44143.901 rows=39456 loops=1)
                     Buffers: shared hit=14266534 read=228906 dirtied=250 written=2009
                     ->  Nested Loop Semi Join  (cost=2443.17..1952806.74 rows=1 width=34) (actual time=83.814..40831.731 rows=702962 loops=1)
                           Join Filter: (orders.o_orderkey = l2.l_orderkey)
                           Buffers: shared hit=10743861 read=228677 dirtied=250 written=2008
                           ->  Nested Loop  (cost=2442.61..1432106.33 rows=389727 width=38) (actual time=83.700..35361.742 rows=729640 loops=1)
                                 Buffers: shared hit=7139098 read=179638 dirtied=250 written=1390
                                 ->  Hash Join  (cost=2442.17..1010671.48 rows=800595 width=34) (actual time=83.675..26224.922 rows=1511039 loops=1)
                                       Hash Cond: (l1.l_suppkey = supplier.s_suppkey)
                                       Buffers: shared hit=1126969 read=139343 dirtied=250 written=825
                                       ->  Index Scan using lineitem_l_orderkey_idx_part1 on lineitem l1  (cost=0.56..925166.69 rows=20015264 width=8) (actual time=0.134..17183.075 rows=37928797 loops=1)
                                             Buffers: shared hit=1125834 read=138603 dirtied=250 written=825
                                       ->  Hash  (cost=2391.61..2391.61 rows=4000 width=30) (actual time=83.407..83.407 rows=3981 loops=1)
                                             Buckets: 4096  Batches: 1  Memory Usage: 281kB
                                             Buffers: shared hit=1132 read=740
                                             ->  Nested Loop  (cost=79.29..2391.61 rows=4000 width=30) (actual time=1.448..80.841 rows=3981 loops=1)
                                                   Buffers: shared hit=1132 read=740
                                                   ->  Seq Scan on nation  (cost=0.00..1.31 rows=1 width=4) (actual time=0.010..0.021 rows=1 loops=1)
                                                         Filter: (n_name = 'EGYPT'::bpchar)
                                                         Rows Removed by Filter: 24
                                                         Buffers: shared hit=1
                                                   ->  Bitmap Heap Scan on supplier  (cost=79.29..2350.29 rows=4000 width=34) (actual time=1.427..79.296 rows=3981 loops=1)
                                                         Recheck Cond: (s_nationkey = nation.n_nationkey)
                                                         Heap Blocks: exact=1858
                                                         Buffers: shared hit=1131 read=740
                                                         ->  Bitmap Index Scan on supplier_s_nationkey_s_suppkey_idx  (cost=0.00..78.29 rows=4000 width=0) (actual time=1.107..1.107 rows=3981 loops=1)
                                                               Index Cond: (s_nationkey = nation.n_nationkey)
                                                               Buffers: shared read=13
                                 ->  Index Scan using orders_o_orderkey_o_orderdate_idx on orders  (cost=0.43..0.52 rows=1 width=4) (actual time=0.005..0.005 rows=0 loops=1511039)
                                       Index Cond: (o_orderkey = l1.l_orderkey)
                                       Filter: (o_orderstatus = 'F'::bpchar)
                                       Rows Removed by Filter: 1
                                       Buffers: shared hit=6012129 read=40295 written=565
                           ->  Index Scan using pk_lineitem on lineitem l2  (cost=0.56..1.15 rows=15 width=8) (actual time=0.007..0.007 rows=1 loops=729640)
                                 Index Cond: (l_orderkey = l1.l_orderkey)
                                 Filter: (l_suppkey <> l1.l_suppkey)
                                 Rows Removed by Filter: 0
                                 Buffers: shared hit=3604763 read=49039 written=618
                     ->  Index Scan using lineitem_l_orderkey_idx_part1 on lineitem l3  (cost=0.56..0.91 rows=5 width=8) (actual time=0.004..0.004 rows=1 loops=702962)
                           Index Cond: (l_orderkey = l1.l_orderkey)
                           Filter: (l_suppkey <> l1.l_suppkey)
                           Rows Removed by Filter: 0
                           Buffers: shared hit=3522673 read=229 written=1
 Planning time: 12.396 ms
 Execution time: 44231.971 ms
(54 rows)

COMMIT;
COMMIT
