BEGIN;
BEGIN
EXPLAIN (ANALYZE, BUFFERS)
select
	supp_nation,
	cust_nation,
	l_year,
	sum(volume) as revenue
from
	(
		select
			n1.n_name as supp_nation,
			n2.n_name as cust_nation,
			extract(year from l_shipdate) as l_year,
			l_extendedprice * (1 - l_discount) as volume
		from
			supplier,
			lineitem,
			orders,
			customer,
			nation n1,
			nation n2
		where
			s_suppkey = l_suppkey
			and o_orderkey = l_orderkey
			and c_custkey = o_custkey
			and s_nationkey = n1.n_nationkey
			and c_nationkey = n2.n_nationkey
			and (
				(n1.n_name = 'ROMANIA' and n2.n_name = 'KENYA')
				or (n1.n_name = 'KENYA' and n2.n_name = 'ROMANIA')
			)
			and l_shipdate between date '1995-01-01' and date '1996-12-31'
	) as shipping
group by
	supp_nation,
	cust_nation,
	l_year
order by
	supp_nation,
	cust_nation,
	l_year;
                                                                                       QUERY PLAN                                                                                        
-----------------------------------------------------------------------------------------------------------------------------------------------------------------------------------------
 Sort  (cost=1974814.85..1974822.52 rows=3067 width=64) (actual time=25554.529..25554.529 rows=4 loops=1)
   Sort Key: n1.n_name, n2.n_name, (date_part('year'::text, (lineitem.l_shipdate)::timestamp without time zone))
   Sort Method: quicksort  Memory: 25kB
   Buffers: shared hit=5307670 read=212135 written=107
   ->  HashAggregate  (cost=1974591.23..1974637.23 rows=3067 width=64) (actual time=25554.401..25554.417 rows=4 loops=1)
         Group Key: n1.n_name, n2.n_name, date_part('year'::text, (lineitem.l_shipdate)::timestamp without time zone)
         Buffers: shared hit=5307662 read=212135 written=107
         ->  Hash Join  (cost=62340.37..1973678.66 rows=60838 width=64) (actual time=1118.416..25461.368 rows=59485 loops=1)
               Hash Cond: (lineitem.l_suppkey = supplier.s_suppkey)
               Join Filter: (((n1.n_name = 'ROMANIA'::bpchar) AND (n2.n_name = 'KENYA'::bpchar)) OR ((n1.n_name = 'KENYA'::bpchar) AND (n2.n_name = 'ROMANIA'::bpchar)))
               Rows Removed by Join Filter: 58690
               Buffers: shared hit=5307662 read=212135 written=107
               ->  Nested Loop  (cost=58604.97..1961817.86 rows=1461915 width=42) (actual time=1036.920..24430.313 rows=1459947 loops=1)
                     Buffers: shared hit=5305479 read=212135 written=107
                     ->  Hash Join  (cost=58604.40..531536.45 rows=1203596 width=30) (actual time=1036.846..13372.139 rows=1197330 loops=1)
                           Hash Cond: (orders.o_custkey = customer.c_custkey)
                           Buffers: shared hit=276090 read=13217 written=1
                           ->  Seq Scan on orders  (cost=0.00..404477.52 rows=15044952 width=8) (actual time=0.039..3874.186 rows=15015000 loops=1)
                                 Buffers: shared hit=240811 read=13217 written=1
                           ->  Hash  (cost=57104.40..57104.40 rows=120000 width=30) (actual time=1035.841..1035.841 rows=119524 loops=1)
                                 Buckets: 131072  Batches: 1  Memory Usage: 8261kB
                                 Buffers: shared hit=35279
                                 ->  Hash Join  (cost=1.40..57104.40 rows=120000 width=30) (actual time=0.099..972.301 rows=119524 loops=1)
                                       Hash Cond: (customer.c_nationkey = n2.n_nationkey)
                                       Buffers: shared hit=35279
                                       ->  Seq Scan on customer  (cost=0.00..50278.00 rows=1500000 width=8) (actual time=0.017..635.660 rows=1500000 loops=1)
                                             Buffers: shared hit=35278
                                       ->  Hash  (cost=1.38..1.38 rows=2 width=30) (actual time=0.036..0.036 rows=2 loops=1)
                                             Buckets: 1024  Batches: 1  Memory Usage: 9kB
                                             Buffers: shared hit=1
                                             ->  Seq Scan on nation n2  (cost=0.00..1.38 rows=2 width=30) (actual time=0.023..0.028 rows=2 loops=1)
                                                   Filter: ((n_name = 'KENYA'::bpchar) OR (n_name = 'ROMANIA'::bpchar))
                                                   Rows Removed by Filter: 23
                                                   Buffers: shared hit=1
                     ->  Index Scan using lineitem_l_orderkey_l_linenumber_l_shipdate_idx on lineitem  (cost=0.56..1.15 rows=4 width=20) (actual time=0.008..0.008 rows=1 loops=1197330)
                           Index Cond: ((l_orderkey = orders.o_orderkey) AND (l_shipdate >= '1995-01-01'::date) AND (l_shipdate <= '1996-12-31'::date))
                           Buffers: shared hit=5029389 read=198918 written=106
               ->  Hash  (cost=3635.40..3635.40 rows=8000 width=30) (actual time=80.938..80.938 rows=8073 loops=1)
                     Buckets: 8192  Batches: 1  Memory Usage: 553kB
                     Buffers: shared hit=2180
                     ->  Hash Join  (cost=1.40..3635.40 rows=8000 width=30) (actual time=0.069..76.234 rows=8073 loops=1)
                           Hash Cond: (supplier.s_nationkey = n1.n_nationkey)
                           Buffers: shared hit=2180
                           ->  Seq Scan on supplier  (cost=0.00..3179.00 rows=100000 width=8) (actual time=0.017..49.557 rows=100000 loops=1)
                                 Buffers: shared hit=2179
                           ->  Hash  (cost=1.38..1.38 rows=2 width=30) (actual time=0.030..0.030 rows=2 loops=1)
                                 Buckets: 1024  Batches: 1  Memory Usage: 9kB
                                 Buffers: shared hit=1
                                 ->  Seq Scan on nation n1  (cost=0.00..1.38 rows=2 width=30) (actual time=0.018..0.022 rows=2 loops=1)
                                       Filter: ((n_name = 'ROMANIA'::bpchar) OR (n_name = 'KENYA'::bpchar))
                                       Rows Removed by Filter: 23
                                       Buffers: shared hit=1
 Planning time: 9.150 ms
 Execution time: 25555.240 ms
(54 rows)

COMMIT;
COMMIT
