BEGIN;
BEGIN
EXPLAIN (ANALYZE, BUFFERS)
select
	sum(l_extendedprice) / 7.0 as avg_yearly
from
	lineitem,
	part
where
	p_partkey = l_partkey
	and p_brand = 'Brand#55'
	and p_container = 'MED BAG'
	and l_quantity < (
		select
			0.2 * avg(l_quantity)
		from
			lineitem
		where
			l_partkey = p_partkey
	);
                                                                                               QUERY PLAN                                                                                               
--------------------------------------------------------------------------------------------------------------------------------------------------------------------------------------------------------
 Aggregate  (cost=356071.76..356071.77 rows=1 width=4) (actual time=722.245..722.245 rows=1 loops=1)
   Buffers: shared hit=48304 read=30765 dirtied=60
   ->  Nested Loop  (cost=130.19..356021.57 rows=20075 width=4) (actual time=1.072..721.333 rows=5070 loops=1)
         Buffers: shared hit=48304 read=30765 dirtied=60
         ->  Index Only Scan using part_p_container_p_brand_p_partkey_idx on part  (cost=0.43..7913.23 rows=2004 width=4) (actual time=0.128..31.261 rows=1889 loops=1)
               Index Cond: ((p_container = 'MED BAG'::bpchar) AND (p_brand = 'Brand#55'::bpchar))
               Heap Fetches: 1889
               Buffers: shared hit=1 read=1868
         ->  Index Scan using lineitem_l_partkey_l_quantity_l_shipmode_idx on lineitem  (cost=129.76..173.61 rows=10 width=12) (actual time=0.005..0.007 rows=3 loops=1889)
               Index Cond: ((l_partkey = part.p_partkey) AND (l_quantity < (SubPlan 1)))
               Buffers: shared hit=12666
               SubPlan 1
                 ->  Aggregate  (cost=129.19..129.20 rows=1 width=4) (actual time=0.355..0.355 rows=1 loops=1889)
                       Buffers: shared hit=35637 read=28897 dirtied=60
                       ->  Index Only Scan using lineitem_l_partkey_l_quantity_l_shipmode_idx on lineitem lineitem_1  (cost=0.56..129.11 rows=31 width=4) (actual time=0.035..0.346 rows=30 loops=1889)
                             Index Cond: (l_partkey = part.p_partkey)
                             Heap Fetches: 56687
                             Buffers: shared hit=35637 read=28897 dirtied=60
               SubPlan 1
                 ->  Aggregate  (cost=129.19..129.20 rows=1 width=4) (actual time=0.355..0.355 rows=1 loops=1889)
                       Buffers: shared hit=35637 read=28897 dirtied=60
                       ->  Index Only Scan using lineitem_l_partkey_l_quantity_l_shipmode_idx on lineitem lineitem_1  (cost=0.56..129.11 rows=31 width=4) (actual time=0.035..0.346 rows=30 loops=1889)
                             Index Cond: (l_partkey = part.p_partkey)
                             Heap Fetches: 56687
                             Buffers: shared hit=35637 read=28897 dirtied=60
 Planning time: 3.307 ms
 Execution time: 722.449 ms
(27 rows)

COMMIT;
COMMIT
