BEGIN;
BEGIN
EXPLAIN (ANALYZE, BUFFERS)
select
	s_name,
	count(*) as numwait
from
	supplier,
	lineitem l1,
	orders,
	nation
where
	s_suppkey = l1.l_suppkey
	and o_orderkey = l1.l_orderkey
	and o_orderstatus = 'F'
	and l1.l_receiptdate > l1.l_commitdate
	and exists (
		select
			*
		from
			lineitem l2
		where
			l2.l_orderkey = l1.l_orderkey
			and l2.l_suppkey <> l1.l_suppkey
	)
	and not exists (
		select
			*
		from
			lineitem l3
		where
			l3.l_orderkey = l1.l_orderkey
			and l3.l_suppkey <> l1.l_suppkey
			and l3.l_receiptdate > l3.l_commitdate
	)
	and s_nationkey = n_nationkey
	and n_name = 'MOZAMBIQUE'
group by
	s_name
order by
	numwait desc,
	s_name
LIMIT 100;
                                                                                                 QUERY PLAN                                                                                                 
------------------------------------------------------------------------------------------------------------------------------------------------------------------------------------------------------------
 Limit  (cost=1952808.07..1952808.08 rows=1 width=26) (actual time=44287.560..44287.579 rows=100 loops=1)
   Buffers: shared hit=14084035 read=220468 dirtied=231 written=1955
   ->  Sort  (cost=1952808.07..1952808.08 rows=1 width=26) (actual time=44287.557..44287.564 rows=100 loops=1)
         Sort Key: (count(*)), supplier.s_name
         Sort Method: top-N heapsort  Memory: 32kB
         Buffers: shared hit=14084035 read=220468 dirtied=231 written=1955
         ->  HashAggregate  (cost=1952808.05..1952808.06 rows=1 width=26) (actual time=44284.659..44286.353 rows=3924 loops=1)
               Group Key: supplier.s_name
               Buffers: shared hit=14084027 read=220468 dirtied=231 written=1955
               ->  Nested Loop Anti Join  (cost=2443.74..1952808.05 rows=1 width=26) (actual time=75.120..44197.625 rows=38537 loops=1)
                     Buffers: shared hit=14084027 read=220468 dirtied=231 written=1955
                     ->  Nested Loop Semi Join  (cost=2443.17..1952806.74 rows=1 width=34) (actual time=75.045..40960.079 rows=692770 loops=1)
                           Join Filter: (orders.o_orderkey = l2.l_orderkey)
                           Buffers: shared hit=10612274 read=220250 dirtied=231 written=1954
                           ->  Nested Loop  (cost=2442.61..1432106.33 rows=389727 width=38) (actual time=74.943..35617.306 rows=718906 loops=1)
                                 Buffers: shared hit=7059850 read=172687 dirtied=231 written=1305
                                 ->  Hash Join  (cost=2442.17..1010671.48 rows=800595 width=34) (actual time=74.915..26528.018 rows=1489515 loops=1)
                                       Hash Cond: (l1.l_suppkey = supplier.s_suppkey)
                                       Buffers: shared hit=1129668 read=136553 dirtied=229 written=817
                                       ->  Index Scan using lineitem_l_orderkey_idx_part1 on lineitem l1  (cost=0.56..925166.69 rows=20015264 width=8) (actual time=0.038..17410.057 rows=37928797 loops=1)
                                             Buffers: shared hit=1128531 read=135821 dirtied=229 written=817
                                       ->  Hash  (cost=2391.61..2391.61 rows=4000 width=30) (actual time=74.772..74.772 rows=3924 loops=1)
                                             Buckets: 4096  Batches: 1  Memory Usage: 278kB
                                             Buffers: shared hit=1134 read=732
                                             ->  Nested Loop  (cost=79.29..2391.61 rows=4000 width=30) (actual time=1.309..72.424 rows=3924 loops=1)
                                                   Buffers: shared hit=1134 read=732
                                                   ->  Seq Scan on nation  (cost=0.00..1.31 rows=1 width=4) (actual time=0.010..0.017 rows=1 loops=1)
                                                         Filter: (n_name = 'MOZAMBIQUE'::bpchar)
                                                         Rows Removed by Filter: 24
                                                         Buffers: shared hit=1
                                                   ->  Bitmap Heap Scan on supplier  (cost=79.29..2350.29 rows=4000 width=34) (actual time=1.291..70.905 rows=3924 loops=1)
                                                         Recheck Cond: (s_nationkey = nation.n_nationkey)
                                                         Heap Blocks: exact=1853
                                                         Buffers: shared hit=1133 read=732
                                                         ->  Bitmap Index Scan on supplier_s_nationkey_s_suppkey_idx  (cost=0.00..78.29 rows=4000 width=0) (actual time=0.977..0.977 rows=3924 loops=1)
                                                               Index Cond: (s_nationkey = nation.n_nationkey)
                                                               Buffers: shared hit=1 read=11
                                 ->  Index Scan using orders_o_orderkey_o_orderdate_idx on orders  (cost=0.43..0.52 rows=1 width=4) (actual time=0.005..0.005 rows=0 loops=1489515)
                                       Index Cond: (o_orderkey = l1.l_orderkey)
                                       Filter: (o_orderstatus = 'F'::bpchar)
                                       Rows Removed by Filter: 1
                                       Buffers: shared hit=5930182 read=36134 dirtied=2 written=488
                           ->  Index Scan using pk_lineitem on lineitem l2  (cost=0.56..1.15 rows=15 width=8) (actual time=0.006..0.006 rows=1 loops=718906)
                                 Index Cond: (l_orderkey = l1.l_orderkey)
                                 Filter: (l_suppkey <> l1.l_suppkey)
                                 Rows Removed by Filter: 0
                                 Buffers: shared hit=3552424 read=47563 written=649
                     ->  Index Scan using lineitem_l_orderkey_idx_part1 on lineitem l3  (cost=0.56..0.91 rows=5 width=8) (actual time=0.004..0.004 rows=1 loops=692770)
                           Index Cond: (l_orderkey = l1.l_orderkey)
                           Filter: (l_suppkey <> l1.l_suppkey)
                           Rows Removed by Filter: 0
                           Buffers: shared hit=3471753 read=218 written=1
 Planning time: 11.475 ms
 Execution time: 44288.049 ms
(54 rows)

COMMIT;
COMMIT
