BEGIN;
BEGIN
EXPLAIN (ANALYZE, BUFFERS)
select
	sum(l_extendedprice) / 7.0 as avg_yearly
from
	lineitem,
	part
where
	p_partkey = l_partkey
	and p_brand = 'Brand#53'
	and p_container = 'JUMBO PKG'
	and l_quantity < (
		select
			0.2 * avg(l_quantity)
		from
			lineitem
		where
			l_partkey = p_partkey
	);
                                                                                               QUERY PLAN                                                                                               
--------------------------------------------------------------------------------------------------------------------------------------------------------------------------------------------------------
 Aggregate  (cost=352529.09..352529.10 rows=1 width=4) (actual time=797.014..797.014 rows=1 loops=1)
   Buffers: shared hit=56691 read=26712 dirtied=51 written=208
   ->  Nested Loop  (cost=130.19..352479.40 rows=19875 width=4) (actual time=0.914..795.956 rows=5362 loops=1)
         Buffers: shared hit=56691 read=26712 dirtied=51 written=208
         ->  Index Only Scan using part_p_container_p_brand_p_partkey_idx on part  (cost=0.43..7836.86 rows=1984 width=4) (actual time=0.139..37.876 rows=1995 loops=1)
               Index Cond: ((p_container = 'JUMBO PKG'::bpchar) AND (p_brand = 'Brand#53'::bpchar))
               Heap Fetches: 1995
               Buffers: shared read=1962 written=22
         ->  Index Scan using lineitem_l_partkey_l_quantity_l_shipmode_idx on lineitem  (cost=129.76..173.61 rows=10 width=12) (actual time=0.006..0.007 rows=3 loops=1995)
               Index Cond: ((l_partkey = part.p_partkey) AND (l_quantity < (SubPlan 1)))
               Buffers: shared hit=13378
               SubPlan 1
                 ->  Aggregate  (cost=129.19..129.20 rows=1 width=4) (actual time=0.369..0.369 rows=1 loops=1995)
                       Buffers: shared hit=43313 read=24750 dirtied=51 written=186
                       ->  Index Only Scan using lineitem_l_partkey_l_quantity_l_shipmode_idx on lineitem lineitem_1  (cost=0.56..129.11 rows=31 width=4) (actual time=0.042..0.359 rows=30 loops=1995)
                             Index Cond: (l_partkey = part.p_partkey)
                             Heap Fetches: 59776
                             Buffers: shared hit=43313 read=24750 dirtied=51 written=186
               SubPlan 1
                 ->  Aggregate  (cost=129.19..129.20 rows=1 width=4) (actual time=0.369..0.369 rows=1 loops=1995)
                       Buffers: shared hit=43313 read=24750 dirtied=51 written=186
                       ->  Index Only Scan using lineitem_l_partkey_l_quantity_l_shipmode_idx on lineitem lineitem_1  (cost=0.56..129.11 rows=31 width=4) (actual time=0.042..0.359 rows=30 loops=1995)
                             Index Cond: (l_partkey = part.p_partkey)
                             Heap Fetches: 59776
                             Buffers: shared hit=43313 read=24750 dirtied=51 written=186
 Planning time: 2.990 ms
 Execution time: 797.207 ms
(27 rows)

COMMIT;
COMMIT
