BEGIN;
BEGIN
EXPLAIN (ANALYZE, BUFFERS)
select
	s_name,
	count(*) as numwait
from
	supplier,
	lineitem l1,
	orders,
	nation
where
	s_suppkey = l1.l_suppkey
	and o_orderkey = l1.l_orderkey
	and o_orderstatus = 'F'
	and l1.l_receiptdate > l1.l_commitdate
	and exists (
		select
			*
		from
			lineitem l2
		where
			l2.l_orderkey = l1.l_orderkey
			and l2.l_suppkey <> l1.l_suppkey
	)
	and not exists (
		select
			*
		from
			lineitem l3
		where
			l3.l_orderkey = l1.l_orderkey
			and l3.l_suppkey <> l1.l_suppkey
			and l3.l_receiptdate > l3.l_commitdate
	)
	and s_nationkey = n_nationkey
	and n_name = 'BRAZIL'
group by
	s_name
order by
	numwait desc,
	s_name
LIMIT 100;
                                                                                                 QUERY PLAN                                                                                                 
------------------------------------------------------------------------------------------------------------------------------------------------------------------------------------------------------------
 Limit  (cost=1976396.78..1976396.79 rows=1 width=26) (actual time=50007.588..50007.605 rows=100 loops=1)
   Buffers: shared hit=13775787 read=791075 dirtied=2371 written=2797
   ->  Sort  (cost=1976396.78..1976396.79 rows=1 width=26) (actual time=50007.585..50007.593 rows=100 loops=1)
         Sort Key: (count(*)), supplier.s_name
         Sort Method: top-N heapsort  Memory: 32kB
         Buffers: shared hit=13775787 read=791075 dirtied=2371 written=2797
         ->  HashAggregate  (cost=1976396.76..1976396.77 rows=1 width=26) (actual time=50004.306..50006.338 rows=3995 loops=1)
               Group Key: supplier.s_name
               Buffers: shared hit=13775779 read=791075 dirtied=2371 written=2797
               ->  Nested Loop Anti Join  (cost=2443.74..1976396.76 rows=1 width=26) (actual time=15.918..49937.156 rows=39575 loops=1)
                     Buffers: shared hit=13775779 read=791075 dirtied=2371 written=2797
                     ->  Nested Loop Semi Join  (cost=2443.17..1976395.45 rows=1 width=34) (actual time=15.833..46716.041 rows=704997 loops=1)
                           Join Filter: (orders.o_orderkey = l2.l_orderkey)
                           Buffers: shared hit=10244570 read=789185 dirtied=2371 written=2793
                           ->  Nested Loop  (cost=2442.61..1449323.63 rows=394400 width=38) (actual time=15.720..40565.610 rows=731743 loops=1)
                                 Buffers: shared hit=6746616 read=623041 dirtied=2370 written=1663
                                 ->  Hash Join  (cost=2442.17..1022757.11 rows=810194 width=34) (actual time=15.538..30641.994 rows=1516373 loops=1)
                                       Hash Cond: (l1.l_suppkey = supplier.s_suppkey)
                                       Buffers: shared hit=766145 read=529751 dirtied=2119 written=1175
                                       ->  Index Scan using lineitem_l_orderkey_idx_part1 on lineitem l1  (cost=0.56..936256.39 rows=20255247 width=8) (actual time=0.048..21058.228 rows=37966199 loops=1)
                                             Buffers: shared hit=764292 read=529739 dirtied=2119 written=1175
                                       ->  Hash  (cost=2391.61..2391.61 rows=4000 width=30) (actual time=15.436..15.436 rows=3995 loops=1)
                                             Buckets: 4096  Batches: 1  Memory Usage: 282kB
                                             Buffers: shared hit=1850 read=12
                                             ->  Nested Loop  (cost=79.29..2391.61 rows=4000 width=30) (actual time=1.241..14.327 rows=3995 loops=1)
                                                   Buffers: shared hit=1850 read=12
                                                   ->  Seq Scan on nation  (cost=0.00..1.31 rows=1 width=4) (actual time=0.008..0.015 rows=1 loops=1)
                                                         Filter: (n_name = 'BRAZIL'::bpchar)
                                                         Rows Removed by Filter: 24
                                                         Buffers: shared hit=1
                                                   ->  Bitmap Heap Scan on supplier  (cost=79.29..2350.29 rows=4000 width=34) (actual time=1.227..13.510 rows=3995 loops=1)
                                                         Recheck Cond: (s_nationkey = nation.n_nationkey)
                                                         Heap Blocks: exact=1848
                                                         Buffers: shared hit=1849 read=12
                                                         ->  Bitmap Index Scan on supplier_s_nationkey_s_suppkey_idx  (cost=0.00..78.29 rows=4000 width=0) (actual time=0.926..0.926 rows=3995 loops=1)
                                                               Index Cond: (s_nationkey = nation.n_nationkey)
                                                               Buffers: shared hit=1 read=12
                                 ->  Index Scan using orders_o_orderkey_o_orderdate_idx on orders  (cost=0.43..0.52 rows=1 width=4) (actual time=0.006..0.006 rows=0 loops=1516373)
                                       Index Cond: (o_orderkey = l1.l_orderkey)
                                       Filter: (o_orderstatus = 'F'::bpchar)
                                       Rows Removed by Filter: 1
                                       Buffers: shared hit=5980471 read=93290 dirtied=251 written=488
                           ->  Index Scan using pk_lineitem on lineitem l2  (cost=0.56..1.15 rows=15 width=8) (actual time=0.008..0.008 rows=1 loops=731743)
                                 Index Cond: (l_orderkey = l1.l_orderkey)
                                 Filter: (l_suppkey <> l1.l_suppkey)
                                 Rows Removed by Filter: 0
                                 Buffers: shared hit=3497954 read=166144 dirtied=1 written=1130
                     ->  Index Scan using lineitem_l_orderkey_idx_part1 on lineitem l3  (cost=0.56..0.91 rows=5 width=8) (actual time=0.004..0.004 rows=1 loops=704997)
                           Index Cond: (l_orderkey = l1.l_orderkey)
                           Filter: (l_suppkey <> l1.l_suppkey)
                           Rows Removed by Filter: 0
                           Buffers: shared hit=3531209 read=1890 written=4
 Planning time: 10.370 ms
 Execution time: 50008.050 ms
(54 rows)

COMMIT;
COMMIT
